<?xml version="1.0" encoding="UTF-8"?>
<testng-results ignored="0" total="1" passed="1" failed="0" skipped="0">
  <reporter-output>
  </reporter-output>
  <suite started-at="2021-10-21T13:08:19 IST" name="Default suite" finished-at="2021-10-21T13:11:57 IST" duration-ms="218105">
    <groups>
    </groups>
    <test started-at="2021-10-21T13:08:19 IST" name="Default test" finished-at="2021-10-21T13:11:57 IST" duration-ms="218105">
      <class name="Day_004_Dropdown.Listbox2">
        <test-method signature="Test1()[pri:0, instance:Day_004_Dropdown.Listbox2@17fc391b]" started-at="2021-10-21T13:08:19 IST" name="Test1" finished-at="2021-10-21T13:11:57 IST" duration-ms="218018" status="PASS">
          <reporter-output>
          </reporter-output>
        </test-method> <!-- Test1 -->
      </class> <!-- Day_004_Dropdown.Listbox2 -->
    </test> <!-- Default test -->
  </suite> <!-- Default suite -->
</testng-results>
